<!DOCTYPE html>
<html>
  <head>
    <partial src="partials/headcontent_better.html"/>
    <title>Cybergame</title>
  </head>
  <body>
    <div class="dark">
      <partial src="partials/header.html"/>
    </div>
      <div class="parallax p_cyber"></div>
      <div class="container cyber dark">
        <div class="row content headliner d-flex">
          <i class="background"></i>
          <div class="col-lg-12">
            <h2>Grab n' Go: Cyber Commando</h2>
            <p class="work-types">
              <span>Javascript</span>
              <span>•</span>
              <span>HTML5</span>
            </p>
            <div class="text-block">
              <p>I wanted to experiment with programming a webgame using HTML Canvas. I worked alongside Braxton Frederik, who assisted with some much-needed refactoring, to design a simple tower defence concept.</p>
            </div>
          </div>
        </div>
      </div>
    <partial src="partials/footer.html"/>
  </body>
</html>
