<!DOCTYPE html>
<html>
  <head>
    <partial src="partials/headcontent_better.html"/>
    <!--GAME SCRIPTS-->
    <script src="games/shootygame/js/phaser.min.js"></script>
    <script src="games/shootygame/js/game.js"></script>
    <script src="games/shootygame/js/main.js"></script>
    <script src="games/shootygame/js/menu.js"></script>
    <script src="games/shootygame/js/musicloadmenu.js"></script>
    <script src="games/shootygame/js/gameover.js"></script>
    <script src="games/shootygame/js/onboarding.js"></script>
    <script src="games/shootygame/js/player.js"></script>
    <script src="games/shootygame/js/tutPlayer.js"></script>
    <script src="games/shootygame/js/bulletmng.js"></script>
    <script src="games/shootygame/js/gamestates.js"></script>
    <script src="games/shootygame/js/enemies.js"></script>
    <script src="games/shootygame/js/helpers.js"></script>
    <script src="games/shootygame/js/pickups.js"></script>
    <script src="games/shootygame/js/ui.js"></script>
    <script src="games/shootygame/js/particles.js"></script>
    <script src="games/shootygame/js/ScreenShake.js"></script>
    <script src="games/shootygame/js/screenVibrate.js"></script>
    <script src="games/shootygame/js/audioloader.js"></script>
    <script src="games/shootygame/js/scoreHandler.js"></script>
    <title></title>
  </head>
  <body>
    <partial src="partials/header.html"/>
    <div class="container" id="dropzone">
    </div>
    <partial src="partials/footer.html"/>
  </body>
</html>
