<!DOCTYPE html>
<html>
  <head>
    <partial src="partials/headcontent_better.html"/>
    <!--LOAD LIBRARIES-->
    <script type="text/javascript" src="games/typegame/lib/bind.js"></script>
    <script type="text/javascript" src="games/typegame/lib/rAF.js"></script>

    <!--GAME SCRIPTS-->
    <script type="text/javascript" src="games/typegame/js/Word.js"></script>
    <script type="text/javascript" src="games/typegame/js/WordManager.js"></script>
    <script type="text/javascript" src="games/typegame/js/InputManager.js"></script>
    <script type="text/javascript" src="games/typegame/js/Player.js"></script>
    <script type="text/javascript" src="games/typegame/js/Level.js"></script>
    <script type="text/javascript" src="games/typegame/js/LoadSpinner.js"></script>
    <script type="text/javascript" src="games/typegame/js/RulesMenu.js"></script>
    <script type="text/javascript" src="games/typegame/js/StartScreen.js"></script>
    <script type="text/javascript" src="games/typegame/js/RuleFadeIn.js"></script>
    <script type="text/javascript" src="games/typegame/js/EndScreen.js"></script>
    <title></title>
  </head>
  <body>
    <partial src="partials/header.html"/>
    <div class="container">
      <canvas id="game-stage" width="1280" height="720"></canvas>
    </div>
    <script type="text/javascript" src="games/typegame/js/main.js"></script>
    <partial src="partials/footer.html"/>
  </body>
</html>
