<!DOCTYPE html>
<html>

<head>
    <title>Key-Daemon</title>
    <partial src="partials/headcontent.html"/>
</head>

<body onresize="resize()">
    <div id="IncludeHeaderType" class="floating-header">
      <partial src="partials/header.html"/>
    </div>
    <div class="parallax p_type">
    </div>
    <div class="color-shooty-1 padding-3em-vert">
        <div class="container">
            <div class="row color">
                <div class="col-sm-12 content-container text-center">
                    <h2 class="content-header color-darkgray-text" style="margin-top:.5em">Key-Daemon</h2>
                    <div class="work-types">
                        <div class="work-type color-dark-white-text">JavaScript</div>
                        <div class="work-type-separator color-dark-white-text">•</div>
                        <div class="work-type color-dark-white-text">HTML5</div>
                    </div>
                    <p class="color-darkgray-text contenttext">I worked alongside friends Aaron Sky, Richard Weiss, and Stephen Garabedian to create a web-based competitive typing game. The game is designed for 2-4 players, and should be played with only one keyboard.</p>
                    <div id="PlayIt">
                        <a href="games/typegame/index.html" class="content-header" style="color:#333333">Play It Here</a>
                    </div>
                </div>
            </div>
        </div>
    </div>
    <div class="color-indecision-2 padding-3em-vert">
        <div>
            <h2 class="color-darkgray-text content-header">My Role</h2>
            <p class="color-darkgray-text contenttext-full">I dealt with making the game work visually by designing and programming the user interface. From small things like a visually appealing spinning timer, to more significant things like the overall conveyance of information during the game were my contribution.</p>
        </div>
    </div>
    <div id="IncludeCyberFooter">
      <partial src="partials/footer.html"/>
    </div>
    <script src="https://ajax.googleapis.com/ajax/libs/jquery/3.1.0/jquery.min.js"></script>
    <script>
        if (window.innerWidth >= 900 && window.innerHeight >= 650) {
            var link = document.getElementById("PlayIt");
            link.innerHTML = '<a href="games/typegame/index.html" class="content-header" style="color:#333333">Play It Here</a>';
        } else {
            var link = document.getElementById("PlayIt");
            link.innerHTML = '<a href="" class="content-header" style="color:#333333; font-size:1em">Open this page on a desktop browser to play.</a>';
        }

        function resize() {
            if (window.innerWidth >= 900 && window.innerHeight >= 650) {
                var link = document.getElementById("PlayIt");
                link.innerHTML = '<a href="games/typegame/index.html" class="content-header" style="color:#333333">Play It Here</a>';
            } else {
                var link = document.getElementById("PlayIt");
                link.innerHTML = '<a href="" class="content-header" style="color:#333333; font-size:1em">Open this page on a desktop browser to play.</a>';
            }
        }
    </script>

    <script src="bootstrap/js/bootstrap.min.js"></script>
</body>

</html>
